2018-12-29 10:40:41 创建地址接口：47.244.52.38:8802/api/createAddr生成的信息ax74707562b8cbebb732a94b82f12fe68f
2018-12-29 10:41:34 创建地址接口：47.244.52.38:8802/api/createAddr生成的信息axeb6217c329922f4d512457a8d00fc5e1
2018-12-29 19:39:44 查询转出账户余额：成功；查询的账户：ax06dea7bac1285776586cf1ae9f45c9e3；查询用户接收账户：ax2e997513ec4ee538e197306220ba2beb
2018-12-29 19:39:44 ERR1ax06dea7bac1285776586cf1ae9f45c9e3钱包余额不足钱包余额0.2279997
2018-12-29 19:40:38 查询转出账户余额：成功；查询的账户：ax06dea7bac1285776586cf1ae9f45c9e3；查询用户接收账户：ax2e997513ec4ee538e197306220ba2beb
2018-12-29 19:40:38 ERR1ax06dea7bac1285776586cf1ae9f45c9e3钱包余额不足钱包余额0.2279997
2018-12-29 21:08:12 查询转出账户余额：成功；查询的账户：ax06dea7bac1285776586cf1ae9f45c9e3；查询用户接收账户：ax2e997513ec4ee538e197306220ba2beb
2018-12-29 21:08:12 ERR1ax06dea7bac1285776586cf1ae9f45c9e3中心账号钱包余额不足钱包余额0.2279997
2018-12-29 21:10:21 查询转出账户余额：成功；查询的账户：ax06dea7bac1285776586cf1ae9f45c9e3；查询用户接收账户：ax2e997513ec4ee538e197306220ba2beb
2018-12-29 21:27:52 3中心账号转出：500账号信息：
2018-12-29 21:28:49 3中心账号转出：500账号信息：
2018-12-29 21:28:52 3中心账号转出：500账号信息：
2018-12-29 21:29:50 3中心账号转出：500账号信息：
2018-12-29 21:29:51 3中心账号转出：500账号信息：
2018-12-29 21:30:02 3中心账号转出：500账号信息：
2018-12-29 21:30:03 3中心账号转出：500账号信息：
2018-12-29 21:31:15 3中心账号转出：500账号信息：
2018-12-29 21:34:15 3中心账号转出：500账号信息：
2018-12-29 21:35:57 3中心账号转出：500账号信息：
2018-12-29 21:36:16 3中心账号转出：500账号信息：
2018-12-29 21:36:48 3中心账号转出：500账号信息：
2018-12-29 21:38:08 3中心账号转出：500账号信息：
2018-12-29 21:42:28 1查询信息：{"block_id":130413,"block_heigh":130413,"block_hash":"f5496f3631090b4da93e73c058f7ce983c873ada14552f9dc44dadde55486222","tradeNum":1,"block_time":"2018-12-29 21:35:35"}
2018-12-29 21:42:28 1查询信息：{"block_id":130414,"block_heigh":130414,"block_hash":"0ceaa7d93d80dd64bfd78149cce55a980ef81d4055e4b9b04267022d3bdb5f69","tradeNum":1,"block_time":"2018-12-29 21:36:05"}
2018-12-29 21:45:54 1查询信息：{"block_id":130413,"block_heigh":130413,"block_hash":"f5496f3631090b4da93e73c058f7ce983c873ada14552f9dc44dadde55486222","tradeNum":1,"block_time":"2018-12-29 21:35:35"}
2018-12-29 21:45:54 1查询信息：{"block_id":130414,"block_heigh":130414,"block_hash":"0ceaa7d93d80dd64bfd78149cce55a980ef81d4055e4b9b04267022d3bdb5f69","tradeNum":1,"block_time":"2018-12-29 21:36:05"}
2018-12-29 21:48:48 1查询信息：{"block_id":130319,"block_heigh":130319,"block_hash":"383e8de640762e0a4b5eb1903aa1a27e1526a1524663b5fd9a6b1596d01fb3cb","tradeNum":1,"block_time":"2018-12-29 20:48:35"}
2018-12-29 21:48:48 2交易所转入成功：["170",1]
2018-12-29 21:52:55 1查询信息：{"block_id":130319,"block_heigh":130319,"block_hash":"383e8de640762e0a4b5eb1903aa1a27e1526a1524663b5fd9a6b1596d01fb3cb","tradeNum":1,"block_time":"2018-12-29 20:48:35"}
2018-12-29 21:52:55 2交易所转入成功：["171",1]
2018-12-29 21:52:55 3中心账号转出：500账号信息：
2018-12-29 21:55:25 1查询信息：{"block_id":130319,"block_heigh":130319,"block_hash":"383e8de640762e0a4b5eb1903aa1a27e1526a1524663b5fd9a6b1596d01fb3cb","tradeNum":1,"block_time":"2018-12-29 20:48:35"}
2018-12-29 21:55:26 2交易所转入成功：["172",1]
2018-12-29 21:55:26 3中心账号转出：500账号信息：
2018-12-29 21:56:52 1查询信息：{"block_id":130413,"block_heigh":130413,"block_hash":"f5496f3631090b4da93e73c058f7ce983c873ada14552f9dc44dadde55486222","tradeNum":1,"block_time":"2018-12-29 21:35:35"}
2018-12-29 21:56:53 1查询信息：{"block_id":130414,"block_heigh":130414,"block_hash":"0ceaa7d93d80dd64bfd78149cce55a980ef81d4055e4b9b04267022d3bdb5f69","tradeNum":1,"block_time":"2018-12-29 21:36:05"}
2018-12-29 21:56:53 1查询信息：{"block_id":130436,"block_heigh":130436,"block_hash":"1af608cb8fe59889f443a793bfa9c6773d1fa45bd8e903cc7ee7e8e1bd4c7f93","tradeNum":1,"block_time":"2018-12-29 21:47:05"}
2018-12-29 21:57:49 1查询信息：{"block_id":130319,"block_heigh":130319,"block_hash":"383e8de640762e0a4b5eb1903aa1a27e1526a1524663b5fd9a6b1596d01fb3cb","tradeNum":1,"block_time":"2018-12-29 20:48:35"}
2018-12-29 21:57:49 2交易所转入成功：["173",1]
2018-12-29 21:57:49 3中心账号转出：500账号信息：
2018-12-29 22:11:27 3中心账号转出：500账号信息：
2018-12-29 22:13:43 1查询信息：{"block_id":130319,"block_heigh":130319,"block_hash":"383e8de640762e0a4b5eb1903aa1a27e1526a1524663b5fd9a6b1596d01fb3cb","tradeNum":1,"block_time":"2018-12-29 20:48:35"}
2018-12-29 22:13:43 2交易所转入成功：["INSERT INTO `tw_myzr` (`userid`,`username`,`coinname`,`fee`,`txid`,`num`,`mum`,`addtime`,`endtime`,`status`,`block_height`) VALUES ('965','ax96ed2383b697303f0c6b29903529b567','astc','0.00100000','11fc8c2e6798f489e9899743540e964670b735f44d2b4a084a37e3a5e913a62f','1.00000000','0.999','1546087715','1546092823','1','130319')",1]
2018-12-29 22:13:43 3中心账号转出：500账号信息：
2018-12-29 22:13:55 1查询信息：{"block_id":130319,"block_heigh":130319,"block_hash":"383e8de640762e0a4b5eb1903aa1a27e1526a1524663b5fd9a6b1596d01fb3cb","tradeNum":1,"block_time":"2018-12-29 20:48:35"}
2018-12-29 22:13:55 2交易所转入成功：["INSERT INTO `tw_myzr` (`userid`,`username`,`coinname`,`fee`,`txid`,`num`,`mum`,`addtime`,`endtime`,`status`,`block_height`) VALUES ('965','ax96ed2383b697303f0c6b29903529b567','astc','0.00100000','11fc8c2e6798f489e9899743540e964670b735f44d2b4a084a37e3a5e913a62f','1.00000000','0.999','1546087715','1546092835','1','130319')",1]
2018-12-29 22:13:55 3中心账号转出：500账号信息：
2018-12-29 22:21:52 1查询信息：{"block_id":130319,"block_heigh":130319,"block_hash":"383e8de640762e0a4b5eb1903aa1a27e1526a1524663b5fd9a6b1596d01fb3cb","tradeNum":1,"block_time":"2018-12-29 20:48:35"}
2018-12-29 22:21:52 2交易所转入成功：["INSERT INTO `tw_myzr` (`userid`,`username`,`coinname`,`fee`,`txid`,`num`,`mum`,`addtime`,`endtime`,`status`,`block_height`) VALUES ('965','ax96ed2383b697303f0c6b29903529b567','astc','0.00100000','11fc8c2e6798f489e9899743540e964670b735f44d2b4a084a37e3a5e913a62f','1.00000000','0.999','1546087715','1546093312','1','130319')",1]
2018-12-29 22:29:25 1查询信息：{"block_id":130319,"block_heigh":130319,"block_hash":"383e8de640762e0a4b5eb1903aa1a27e1526a1524663b5fd9a6b1596d01fb3cb","tradeNum":1,"block_time":"2018-12-29 20:48:35"}
2018-12-29 22:29:25 2交易所转入成功：["INSERT INTO `tw_myzr` (`userid`,`username`,`coinname`,`fee`,`txid`,`num`,`mum`,`addtime`,`endtime`,`status`,`block_height`) VALUES ('965','ax96ed2383b697303f0c6b29903529b567','astc','0.00100000','11fc8c2e6798f489e9899743540e964670b735f44d2b4a084a37e3a5e913a62f','1.00000000','0.999','1546087715','1546093765','1','130319')",1]
2018-12-29 22:30:06 1查询信息：{"block_id":130319,"block_heigh":130319,"block_hash":"383e8de640762e0a4b5eb1903aa1a27e1526a1524663b5fd9a6b1596d01fb3cb","tradeNum":1,"block_time":"2018-12-29 20:48:35"}
2018-12-29 22:30:06 2交易所转入成功：["INSERT INTO `tw_myzr` (`userid`,`username`,`coinname`,`fee`,`txid`,`num`,`mum`,`addtime`,`endtime`,`status`,`block_height`) VALUES ('965','ax96ed2383b697303f0c6b29903529b567','astc','0.00100000','11fc8c2e6798f489e9899743540e964670b735f44d2b4a084a37e3a5e913a62f','1.00000000','0.999','1546087715','1546093806','1','130319')",1]
2018-12-29 22:30:06 3中心账号转出：500账号信息：
2018-12-29 22:32:23 1查询信息：{"block_id":130319,"block_heigh":130319,"block_hash":"383e8de640762e0a4b5eb1903aa1a27e1526a1524663b5fd9a6b1596d01fb3cb","tradeNum":1,"block_time":"2018-12-29 20:48:35"}
2018-12-29 22:32:24 2交易所转入成功：["INSERT INTO `tw_myzr` (`userid`,`username`,`coinname`,`fee`,`txid`,`num`,`mum`,`addtime`,`endtime`,`status`,`block_height`) VALUES ('965','ax96ed2383b697303f0c6b29903529b567','astc','0.00100000','11fc8c2e6798f489e9899743540e964670b735f44d2b4a084a37e3a5e913a62f','1.00000000','0.999','1546087715','1546093943','1','130319')",1]
2018-12-29 22:32:24 3中心账号转出：500账号信息：
2018-12-29 22:33:23 1查询信息：{"block_id":130319,"block_heigh":130319,"block_hash":"383e8de640762e0a4b5eb1903aa1a27e1526a1524663b5fd9a6b1596d01fb3cb","tradeNum":1,"block_time":"2018-12-29 20:48:35"}
2018-12-29 22:33:23 2交易所转入成功：["INSERT INTO `tw_myzr` (`userid`,`username`,`coinname`,`fee`,`txid`,`num`,`mum`,`addtime`,`endtime`,`status`,`block_height`) VALUES ('965','ax96ed2383b697303f0c6b29903529b567','astc','0.00100000','11fc8c2e6798f489e9899743540e964670b735f44d2b4a084a37e3a5e913a62f','1.00000000','0.999','1546087715','1546094003','1','130319')",1]
2018-12-29 22:33:23 3中心账号转出：500账号信息：
2018-12-29 22:33:43 1查询信息：{"block_id":130319,"block_heigh":130319,"block_hash":"383e8de640762e0a4b5eb1903aa1a27e1526a1524663b5fd9a6b1596d01fb3cb","tradeNum":1,"block_time":"2018-12-29 20:48:35"}
2018-12-29 22:33:43 2交易所转入成功：["INSERT INTO `tw_myzr` (`userid`,`username`,`coinname`,`fee`,`txid`,`num`,`mum`,`addtime`,`endtime`,`status`,`block_height`) VALUES ('965','ax96ed2383b697303f0c6b29903529b567','astc','0.00100000','11fc8c2e6798f489e9899743540e964670b735f44d2b4a084a37e3a5e913a62f','1.00000000','0.999','1546087715','1546094023','1','130319')",1]
2018-12-29 22:33:43 3中心账号转出：500账号信息：
2018-12-29 22:34:24 1查询信息：{"block_id":130319,"block_heigh":130319,"block_hash":"383e8de640762e0a4b5eb1903aa1a27e1526a1524663b5fd9a6b1596d01fb3cb","tradeNum":1,"block_time":"2018-12-29 20:48:35"}
2018-12-29 22:34:24 2交易所转入成功：["INSERT INTO `tw_myzr` (`userid`,`username`,`coinname`,`fee`,`txid`,`num`,`mum`,`addtime`,`endtime`,`status`,`block_height`) VALUES ('965','ax96ed2383b697303f0c6b29903529b567','astc','0.00100000','11fc8c2e6798f489e9899743540e964670b735f44d2b4a084a37e3a5e913a62f','1.00000000','0.999','1546087715','1546094064','1','130319')",1]
2018-12-29 22:34:25 3中心账号转出：500账号信息：
2018-12-29 22:35:58 1查询信息：{"block_id":130319,"block_heigh":130319,"block_hash":"383e8de640762e0a4b5eb1903aa1a27e1526a1524663b5fd9a6b1596d01fb3cb","tradeNum":1,"block_time":"2018-12-29 20:48:35"}
2018-12-29 22:35:58 2交易所转入成功：["INSERT INTO `tw_myzr` (`userid`,`username`,`coinname`,`fee`,`txid`,`num`,`mum`,`addtime`,`endtime`,`status`,`block_height`) VALUES ('965','ax96ed2383b697303f0c6b29903529b567','astc','0.00100000','11fc8c2e6798f489e9899743540e964670b735f44d2b4a084a37e3a5e913a62f','1.00000000','0.999','1546087715','1546094158','1','130319')",1]
2018-12-29 22:35:58 3中心账号转出：500账号信息：
2018-12-29 22:37:58 3中心账号转出：500账号信息：
2018-12-29 22:43:03 1查询信息：{"block_id":130319,"block_heigh":130319,"block_hash":"383e8de640762e0a4b5eb1903aa1a27e1526a1524663b5fd9a6b1596d01fb3cb","tradeNum":1,"block_time":"2018-12-29 20:48:35"}
2018-12-29 22:43:03 2交易所转入成功：["INSERT INTO `tw_myzr` (`userid`,`username`,`coinname`,`fee`,`txid`,`num`,`mum`,`addtime`,`endtime`,`status`,`block_height`) VALUES ('965','ax96ed2383b697303f0c6b29903529b567','astc','0.00100000','11fc8c2e6798f489e9899743540e964670b735f44d2b4a084a37e3a5e913a62f','1.00000000','0.999','1546087715','1546094583','1','130319')",1]
2018-12-29 22:44:36 1查询信息：{"block_id":130319,"block_heigh":130319,"block_hash":"383e8de640762e0a4b5eb1903aa1a27e1526a1524663b5fd9a6b1596d01fb3cb","tradeNum":1,"block_time":"2018-12-29 20:48:35"}
2018-12-29 22:44:36 2交易所转入成功：["INSERT INTO `tw_myzr` (`userid`,`username`,`coinname`,`fee`,`txid`,`num`,`mum`,`addtime`,`endtime`,`status`,`block_height`) VALUES ('965','ax96ed2383b697303f0c6b29903529b567','astc','0.00100000','11fc8c2e6798f489e9899743540e964670b735f44d2b4a084a37e3a5e913a62f','1.00000000','0.999','1546087715','1546094676','1','130319')",1]
2018-12-29 22:44:36 3中心账号转出：500账号信息：
2018-12-29 22:45:23 1查询信息：{"block_id":130319,"block_heigh":130319,"block_hash":"383e8de640762e0a4b5eb1903aa1a27e1526a1524663b5fd9a6b1596d01fb3cb","tradeNum":1,"block_time":"2018-12-29 20:48:35"}
2018-12-29 22:45:23 2交易所转入成功：["INSERT INTO `tw_myzr` (`userid`,`username`,`coinname`,`fee`,`txid`,`num`,`mum`,`addtime`,`endtime`,`status`,`block_height`) VALUES ('965','ax96ed2383b697303f0c6b29903529b567','astc','0.00100000','11fc8c2e6798f489e9899743540e964670b735f44d2b4a084a37e3a5e913a62f','1.00000000','0.999','1546087715','1546094723','1','130319')",1]
2018-12-29 22:45:28 1查询信息：{"block_id":130319,"block_heigh":130319,"block_hash":"383e8de640762e0a4b5eb1903aa1a27e1526a1524663b5fd9a6b1596d01fb3cb","tradeNum":1,"block_time":"2018-12-29 20:48:35"}
2018-12-29 22:45:28 2交易所转入成功：["INSERT INTO `tw_myzr` (`userid`,`username`,`coinname`,`fee`,`txid`,`num`,`mum`,`addtime`,`endtime`,`status`,`block_height`) VALUES ('965','ax96ed2383b697303f0c6b29903529b567','astc','0.00100000','11fc8c2e6798f489e9899743540e964670b735f44d2b4a084a37e3a5e913a62f','1.00000000','0.999','1546087715','1546094728','1','130319')",1]
2018-12-29 22:45:31 1查询信息：{"block_id":130319,"block_heigh":130319,"block_hash":"383e8de640762e0a4b5eb1903aa1a27e1526a1524663b5fd9a6b1596d01fb3cb","tradeNum":1,"block_time":"2018-12-29 20:48:35"}
2018-12-29 22:45:31 2交易所转入成功：["INSERT INTO `tw_myzr` (`userid`,`username`,`coinname`,`fee`,`txid`,`num`,`mum`,`addtime`,`endtime`,`status`,`block_height`) VALUES ('965','ax96ed2383b697303f0c6b29903529b567','astc','0.00100000','11fc8c2e6798f489e9899743540e964670b735f44d2b4a084a37e3a5e913a62f','1.00000000','0.999','1546087715','1546094731','1','130319')",1]
2018-12-29 22:45:51 1查询信息：{"block_id":130319,"block_heigh":130319,"block_hash":"383e8de640762e0a4b5eb1903aa1a27e1526a1524663b5fd9a6b1596d01fb3cb","tradeNum":1,"block_time":"2018-12-29 20:48:35"}
2018-12-29 22:45:51 2交易所转入成功：["INSERT INTO `tw_myzr` (`userid`,`username`,`coinname`,`fee`,`txid`,`num`,`mum`,`addtime`,`endtime`,`status`,`block_height`) VALUES ('965','ax96ed2383b697303f0c6b29903529b567','astc','0.00100000','11fc8c2e6798f489e9899743540e964670b735f44d2b4a084a37e3a5e913a62f','1.00000000','0.999','1546087715','1546094751','1','130319')",1]
2018-12-29 22:45:51 3中心账号转出：500账号信息：
2018-12-29 22:46:23 1查询信息：{"block_id":130319,"block_heigh":130319,"block_hash":"383e8de640762e0a4b5eb1903aa1a27e1526a1524663b5fd9a6b1596d01fb3cb","tradeNum":1,"block_time":"2018-12-29 20:48:35"}
2018-12-29 22:46:23 2交易所转入成功：["INSERT INTO `tw_myzr` (`userid`,`username`,`coinname`,`fee`,`txid`,`num`,`mum`,`addtime`,`endtime`,`status`,`block_height`) VALUES ('965','ax96ed2383b697303f0c6b29903529b567','astc','0.00100000','11fc8c2e6798f489e9899743540e964670b735f44d2b4a084a37e3a5e913a62f','1.00000000','0.999','1546087715','1546094783','1','130319')",1]
2018-12-29 22:46:23 3中心账号转出：500账号信息：
2018-12-29 22:47:47 1查询信息：{"block_id":130319,"block_heigh":130319,"block_hash":"383e8de640762e0a4b5eb1903aa1a27e1526a1524663b5fd9a6b1596d01fb3cb","tradeNum":1,"block_time":"2018-12-29 20:48:35"}
2018-12-29 22:47:47 2交易所转入成功：["174",1]
2018-12-29 22:47:47 3中心账号转出：500账号信息：
2018-12-29 22:48:20 1查询信息：{"block_id":130319,"block_heigh":130319,"block_hash":"383e8de640762e0a4b5eb1903aa1a27e1526a1524663b5fd9a6b1596d01fb3cb","tradeNum":1,"block_time":"2018-12-29 20:48:35"}
2018-12-29 22:48:20 2交易所转入成功：["175",1]
2018-12-29 22:48:20 3中心账号转出：500账号信息：
2018-12-29 22:52:50 1查询信息：{"block_id":130319,"block_heigh":130319,"block_hash":"383e8de640762e0a4b5eb1903aa1a27e1526a1524663b5fd9a6b1596d01fb3cb","tradeNum":1,"block_time":"2018-12-29 20:48:35"}
2018-12-29 22:52:50 2交易所转入成功：["176",1]
2018-12-29 23:00:49 1查询信息：{"block_id":130413,"block_heigh":130413,"block_hash":"f5496f3631090b4da93e73c058f7ce983c873ada14552f9dc44dadde55486222","tradeNum":1,"block_time":"2018-12-29 21:35:35"}
2018-12-29 23:00:49 1查询信息：{"block_id":130414,"block_heigh":130414,"block_hash":"0ceaa7d93d80dd64bfd78149cce55a980ef81d4055e4b9b04267022d3bdb5f69","tradeNum":1,"block_time":"2018-12-29 21:36:05"}
2018-12-29 23:00:50 1查询信息：{"block_id":130436,"block_heigh":130436,"block_hash":"1af608cb8fe59889f443a793bfa9c6773d1fa45bd8e903cc7ee7e8e1bd4c7f93","tradeNum":1,"block_time":"2018-12-29 21:47:05"}
2018-12-29 23:00:50 1查询信息：{"block_id":130489,"block_heigh":130489,"block_hash":"ce08fb3416ee4cd921721fdc068b52ea8f18b7dad663ec86bf8fc4694452bee1","tradeNum":1,"block_time":"2018-12-29 22:13:35"}
2018-12-29 23:00:50 2交易所转入成功：["182",1]
2018-12-29 23:04:09 1查询信息：{"block_id":130502,"block_heigh":130502,"block_hash":"7c20ec6dd38ec16f7d439ef4164ae3b539067d37a8973100c9160d75d1f73ab7","tradeNum":1,"block_time":"2018-12-29 22:20:05"}
2018-12-29 23:04:10 1查询信息：{"block_id":130514,"block_heigh":130514,"block_hash":"3b84ee82660a4e408ddc7d61f3a3a69c76566e3f2c3920e0089a3d21c8e2c016","tradeNum":1,"block_time":"2018-12-29 22:26:05"}
2018-12-29 23:04:10 1查询信息：{"block_id":130516,"block_heigh":130516,"block_hash":"35c497b5a68a61cae75e9c7271c653569ab5735ad948102e89d671ccc7b283cf","tradeNum":1,"block_time":"2018-12-29 22:27:05"}
2018-12-29 23:04:10 2交易所转入成功：["190",1]
2018-12-29 23:06:31 1查询信息：{"block_id":130517,"block_heigh":130517,"block_hash":"5af6627f634ef45c02ea32998115c38d5c2c627bb75837d2c40ea831eedadb52","tradeNum":1,"block_time":"2018-12-29 22:27:35"}
2018-12-29 23:06:32 1查询信息：{"block_id":130535,"block_heigh":130535,"block_hash":"e0893426a9eb4dd8d8081adb06f8fddd4673abf064aea8637acc798195311ce7","tradeNum":1,"block_time":"2018-12-29 22:36:35"}
2018-12-29 23:06:32 1查询信息：{"block_id":130542,"block_heigh":130542,"block_hash":"9520ecca9f9ffeee376ba1f5f4e423c4490f2faebc84f9449cb895800d08a4ef","tradeNum":1,"block_time":"2018-12-29 22:40:05"}
2018-12-29 23:06:32 2交易所转入成功：["195",1]
2018-12-29 23:07:51 查询转出账户余额：成功；查询的账户：ax06dea7bac1285776586cf1ae9f45c9e3；查询用户接收账户：ax2e997513ec4ee538e197306220ba2beb
2018-12-29 23:07:51 ERR1ax06dea7bac1285776586cf1ae9f45c9e3中心账号钱包余额不足钱包余额0.6189997
2018-12-29 23:16:59 1查询信息：{"block_id":130544,"block_heigh":130544,"block_hash":"b7b11c3d163fc35f087bc7ca2ac51301e71b8e53d657860db43b4c80060811f4","tradeNum":1,"block_time":"2018-12-29 22:41:05"}
2018-12-29 23:17:02 1查询信息：{"block_id":130547,"block_heigh":130547,"block_hash":"0c0bcc4245c38182982f635c29adbd813dca778de11318effc718b372d9069b1","tradeNum":1,"block_time":"2018-12-29 22:42:35"}
2018-12-29 23:17:02 2交易所转入成功：["217",1]
2018-12-29 23:18:11 查询转出账户余额：成功；查询的账户：ax06dea7bac1285776586cf1ae9f45c9e3；查询用户接收账户：ax2e997513ec4ee538e197306220ba2beb
2018-12-29 23:18:11 ERR1ax06dea7bac1285776586cf1ae9f45c9e3中心账号钱包余额不足钱包余额0.3179997
2018-12-29 23:18:25 查询转出账户余额：成功；查询的账户：ax06dea7bac1285776586cf1ae9f45c9e3；查询用户接收账户：ax2e997513ec4ee538e197306220ba2beb
2018-12-29 23:18:25 ERR1ax06dea7bac1285776586cf1ae9f45c9e3中心账号钱包余额不足钱包余额0.3179997
2018-12-29 23:19:35 查询转出账户余额：成功；查询的账户：ax06dea7bac1285776586cf1ae9f45c9e3；查询用户接收账户：ax2e997513ec4ee538e197306220ba2beb
2018-12-29 23:19:35 ERR1ax06dea7bac1285776586cf1ae9f45c9e3中心账号钱包余额不足钱包余额0.3179997
2018-12-29 23:19:58 查询转出账户余额：成功；查询的账户：ax06dea7bac1285776586cf1ae9f45c9e3；查询用户接收账户：ax2e997513ec4ee538e197306220ba2beb
2018-12-29 23:19:58 转出交易信息：成功;转出参数{"payAddr":"ax06dea7bac1285776586cf1ae9f45c9e3","getAddr":"ax2e997513ec4ee538e197306220ba2beb","outputMoney":"0.99990000","tradeFee":"0.00010000","timestamp":1546096798,"sign":"268DD0E22E5275A681D4103D91D3CD26"};交易接口47.244.52.38:8802/api/trade
2018-12-29 23:20:29 查询转出账户余额：成功；查询的账户：ax06dea7bac1285776586cf1ae9f45c9e3；查询用户接收账户：ax2e997513ec4ee538e197306220ba2beb
2018-12-29 23:20:29 ERR1ax06dea7bac1285776586cf1ae9f45c9e3中心账号钱包余额不足钱包余额0.3179997
2018-12-29 23:24:01 查询转出账户余额：成功；查询的账户：ax06dea7bac1285776586cf1ae9f45c9e3；查询用户接收账户：ax2e997513ec4ee538e197306220ba2beb
2018-12-29 23:24:01 转出交易信息：成功;转出参数{"payAddr":"ax06dea7bac1285776586cf1ae9f45c9e3","getAddr":"ax2e997513ec4ee538e197306220ba2beb","outputMoney":"0.99990000","tradeFee":"0.00010000","timestamp":1546097041,"sign":"065CE78FD3FCB91EDEF4D3EF5F5E3283"};交易接口47.244.52.38:8802/api/trade
2018-12-29 23:24:36 查询转出账户余额：成功；查询的账户：ax06dea7bac1285776586cf1ae9f45c9e3；查询用户接收账户：ax2e997513ec4ee538e197306220ba2beb
2018-12-29 23:24:36 转出交易信息：成功;转出参数{"payAddr":"ax06dea7bac1285776586cf1ae9f45c9e3","getAddr":"ax2e997513ec4ee538e197306220ba2beb","outputMoney":"0.99990000","tradeFee":"0.00010000","timestamp":1546097076,"sign":"EF73F4148A6EA03969847FA7F6622B4C"};交易接口47.244.52.38:8802/api/trade
2018-12-29 23:25:16 查询转出账户余额：成功；查询的账户：ax06dea7bac1285776586cf1ae9f45c9e3；查询用户接收账户：ax2e997513ec4ee538e197306220ba2beb
2018-12-29 23:25:16 转出交易信息：成功;转出参数{"payAddr":"ax06dea7bac1285776586cf1ae9f45c9e3","getAddr":"ax2e997513ec4ee538e197306220ba2beb","outputMoney":"0.99990000","tradeFee":"0.00010000","timestamp":1546097116,"sign":"E3D85B59482766E3CF444BA1A249D442"};交易接口47.244.52.38:8802/api/trade
2018-12-29 23:25:41 查询转出账户余额：成功；查询的账户：ax06dea7bac1285776586cf1ae9f45c9e3；查询用户接收账户：ax2e997513ec4ee538e197306220ba2beb
2018-12-29 23:25:41 ERR1ax06dea7bac1285776586cf1ae9f45c9e3中心账号钱包余额不足钱包余额0.3179997
2018-12-29 23:32:46 查询转出账户余额：成功；查询的账户：ax06dea7bac1285776586cf1ae9f45c9e3；查询用户接收账户：ax2e997513ec4ee538e197306220ba2beb
2018-12-29 23:32:47 转出交易信息：成功;转出参数{"payAddr":"ax06dea7bac1285776586cf1ae9f45c9e3","getAddr":"ax2e997513ec4ee538e197306220ba2beb","outputMoney":"0.99990000","tradeFee":"0.00010000","timestamp":1546097566,"sign":"978EE85331033587DBD4477DA5B845FD"};交易接口47.244.52.38:8802/api/trade
2018-12-29 23:35:40 查询转出账户余额：成功；查询的账户：ax06dea7bac1285776586cf1ae9f45c9e3；查询用户接收账户：ax2e997513ec4ee538e197306220ba2beb
2018-12-29 23:35:40 转出交易信息：成功;转出参数{"payAddr":"ax06dea7bac1285776586cf1ae9f45c9e3","getAddr":"ax2e997513ec4ee538e197306220ba2beb","outputMoney":"0.99990000","tradeFee":"0.00010000","timestamp":1546097740,"sign":"CE2034FDC926C8AA2BC56EA702BB1428"};交易接口47.244.52.38:8802/api/trade
2018-12-29 23:37:12 查询转出账户余额：成功；查询的账户：ax06dea7bac1285776586cf1ae9f45c9e3；查询用户接收账户：ax2e997513ec4ee538e197306220ba2beb
2018-12-29 23:37:12 转出交易信息：成功;转出参数{"payAddr":"ax06dea7bac1285776586cf1ae9f45c9e3","getAddr":"ax2e997513ec4ee538e197306220ba2beb","outputMoney":"0.99990000","tradeFee":"0.00010000","timestamp":1546097832,"sign":"5EF7EF20D1A54F20FE6338D9741457C7"};交易接口47.244.52.38:8802/api/trade
2018-12-29 23:48:39 1查询信息：{"block_id":130549,"block_heigh":130549,"block_hash":"5a6c1da34788e79270a6e984c95c85997037f51c3f2284f5cd16426a22e188e5","tradeNum":3,"block_time":"2018-12-29 22:43:35"}
2018-12-29 23:48:40 1查询信息：{"block_id":130561,"block_heigh":130561,"block_hash":"4a20278914881fb4a19835ad2ae27ec1f9c2b05f3dc90aa3976ebf7e7c773322","tradeNum":1,"block_time":"2018-12-29 22:49:35"}
2018-12-29 23:48:40 2交易所转入成功：["282",1]
2018-12-29 23:56:53 1查询信息：{"block_id":130564,"block_heigh":130564,"block_hash":"60c976ead4bc9724f4a2dc0efb4c766efcfab3e2f61151303be274ffd948d6d0","tradeNum":1,"block_time":"2018-12-29 22:51:05"}
2018-12-29 23:56:54 1查询信息：{"block_id":130570,"block_heigh":130570,"block_hash":"b42533bdd5ee752dabde53f1aedc0ce929fde8446b3c66b3fee9acf625114082","tradeNum":1,"block_time":"2018-12-29 22:54:05"}
2018-12-29 23:56:54 2交易所转入成功：["299",1]
2018-12-29 23:58:52 查询转出账户余额：成功；查询的账户：ax06dea7bac1285776586cf1ae9f45c9e3；查询用户接收账户：ax2e997513ec4ee538e197306220ba2beb
2018-12-29 23:59:12 查询转出账户余额：成功；查询的账户：ax06dea7bac1285776586cf1ae9f45c9e3；查询用户接收账户：ax2e997513ec4ee538e197306220ba2beb
2019-01-04 16:49:58 查询转出账户余额：成功；查询的账户：ax06dea7bac1285776586cf1ae9f45c9e3；查询用户接收账户：ax2e997513ec4ee538e197306220ba2beb
2019-01-04 16:49:58 转出交易信息：成功;转出参数{"payAddr":"ax06dea7bac1285776586cf1ae9f45c9e3","getAddr":"ax2e997513ec4ee538e197306220ba2beb","outputMoney":"8.99910000","tradeFee":"0.00090000","timestamp":1546591798,"sign":"F54282CAA4DC11EBF7A7BF162DDE4C37"};交易接口47.244.52.38:8802/api/trade
2019-01-04 16:56:44 查询转出账户余额：成功；查询的账户：ax06dea7bac1285776586cf1ae9f45c9e3；查询用户接收账户：axb13662612652cd90578e12d329464a50
2019-01-04 16:56:44 转出交易信息：成功;转出参数{"payAddr":"ax06dea7bac1285776586cf1ae9f45c9e3","getAddr":"axb13662612652cd90578e12d329464a50","outputMoney":"0.00099990","tradeFee":"0.00000010","timestamp":1546592204,"sign":"2C4CB99CAB6FDFEDB4A9E1F893E8F2EE"};交易接口47.244.52.38:8802/api/trade
2019-01-04 18:18:20 查询用户接收余额：成功；查询的账户：fdfdffff545666返回的data为空
2019-01-05 14:35:22 查询转出账户余额：成功；查询的账户：ax06dea7bac1285776586cf1ae9f45c9e3；查询用户接收账户：ax2e997513ec4ee538e197306220ba2beb
2019-01-05 14:35:22 转出交易信息：成功;转出参数{"payAddr":"ax06dea7bac1285776586cf1ae9f45c9e3","getAddr":"ax2e997513ec4ee538e197306220ba2beb","outputMoney":"2.29977000","tradeFee":"0.00023000","timestamp":1546670122,"sign":"796920C53FC8079076EA34BE387F0E39"};交易接口47.244.52.38:8802/api/trade
