2019-01-04 21:39:18 错误3交易市场hrc_usdt出错：买入订单:1787卖出订单：1435交易方式：1成交数量4.14
ERR: 成交总额出错，总额是0
2019-01-23 10:28:08 错误6交易市场btc_usdt出错：买入订单:4304卖出订单：209384交易方式：2成交数量10成交价格10成交总额100
ERR: 买家财产错误，冻结财产是
2019-01-23 10:29:31 错误6交易市场btc_usdt出错：买入订单:4304卖出订单：209384交易方式：2成交数量10成交价格10成交总额100
2019-01-16 10:40:00 错误6交易市场hrc_usdt出错：买入订单:58566卖出订单：135451交易方式：2成交数量10成交价格0.08成交总额0.8
ERR: 买家财产错误，冻结财产是
2019-01-16 10:50:43 错误6交易市场hrc_usdt出错：买入订单:58566卖出订单：135451交易方式：2成交数量10成交价格0.08成交总额0.8
ERR: 买家财产错误，冻结财产是
2019-01-16 10:51:53 错误6交易市场hrc_usdt出错：买入订单:58566卖出订单：135451交易方式：2成交数量10成交价格0.08成交总额0.8
ERR: 买家财产错误，冻结财产是
2019-01-16 11:30:53 错误6交易市场hrc_usdt出错：买入订单:58566卖出订单：135451交易方式：2成交数量10成交价格0.08成交总额0.8
ERR: 买家财产错误，冻结财产是
2019-01-16 11:32:09 错误6交易市场hrc_usdt出错：买入订单:58566卖出订单：135451交易方式：2成交数量10成交价格0.08成交总额0.8
ERR: 买家财产错误，冻结财产是
2019-01-16 11:33:14 错误6交易市场hrc_usdt出错：买入订单:58566卖出订单：135451交易方式：2成交数量10成交价格0.08成交总额0.8
ERR: 买家财产错误，冻结财产是
2019-01-16 11:51:47 错误6交易市场hrc_usdt出错：买入订单:58566卖出订单：135451交易方式：2成交数量10成交价格0.08成交总额0.8
ERR: 买家财产错误，冻结财产是
2019-01-16 11:52:54 错误6交易市场hrc_usdt出错：买入订单:58566卖出订单：135451交易方式：2成交数量10成交价格0.08成交总额0.8
ERR: 买家财产错误，冻结财产是
2019-01-16 11:54:31 错误6交易市场hrc_usdt出错：买入订单:58566卖出订单：135451交易方式：2成交数量10成交价格0.08成交总额0.8
ERR: 买家财产错误，冻结财产是
2019-01-16 12:01:13 错误6交易市场hrc_usdt出错：买入订单:58566卖出订单：135451交易方式：2成交数量10成交价格0.08成交总额0.8
ERR: 买家财产错误，冻结财产是
2019-01-16 12:03:05 错误6交易市场hrc_usdt出错：买入订单:58566卖出订单：135451交易方式：2成交数量10成交价格0.08成交总额0.8
ERR: 买家财产错误，冻结财产是
2019-01-16 12:03:21 错误6交易市场hrc_usdt出错：买入订单:58566卖出订单：135451交易方式：2成交数量10成交价格0.08成交总额0.8
ERR: 买家财产错误，冻结财产是
2019-01-16 12:05:22 错误6交易市场hrc_usdt出错：买入订单:58566卖出订单：135451交易方式：2成交数量10成交价格0.08成交总额0.8
ERR: 买家财产错误，冻结财产是
2019-01-19 15:06:51 错误6交易市场hrc_usdt出错：买入订单:58566卖出订单：135451交易方式：2成交数量10成交价格0.08成交总额0.8
ERR: 买家财产错误，冻结财产是
2019-01-19 15:07:03 错误6交易市场hrc_usdt出错：买入订单:58566卖出订单：135451交易方式：2成交数量10成交价格0.08成交总额0.8
ERR: 买家财产错误，冻结财产是
2019-01-19 15:07:13 错误6交易市场hrc_usdt出错：买入订单:58566卖出订单：135451交易方式：2成交数量10成交价格0.08成交总额0.8
ERR: 买家财产错误，冻结财产是
2019-01-19 15:08:01 错误6交易市场hrc_usdt出错：买入订单:58566卖出订单：135451交易方式：2成交数量10成交价格0.08成交总额0.8
ERR: 买家财产错误，冻结财产是
2019-01-19 15:08:18 错误6交易市场hrc_usdt出错：买入订单:58566卖出订单：135451交易方式：2成交数量10成交价格0.08成交总额0.8
ERR: 买家财产错误，冻结财产是
2019-01-19 15:11:14 错误6交易市场hrc_usdt出错：买入订单:58566卖出订单：135451交易方式：2成交数量10成交价格0.08成交总额0.8
ERR: 买家财产错误，冻结财产是
2019-01-19 15:11:41 错误6交易市场hrc_usdt出错：买入订单:58566卖出订单：135451交易方式：2成交数量10成交价格0.08成交总额0.8
ERR: 买家财产错误，冻结财产是
2019-01-21 09:28:51 错误6交易市场btc_usdt出错：买入订单:4304卖出订单：209384交易方式：2成交数量10成交价格10成交总额100
ERR: 买家财产错误，冻结财产是
2019-01-21 14:43:46 错误6交易市场btc_usdt出错：买入订单:4304卖出订单：209384交易方式：2成交数量10成交价格10成交总额100
ERR: 买家财产错误，冻结财产是
2019-01-21 14:44:45 错误6交易市场btc_usdt出错：买入订单:4304卖出订单：209384交易方式：2成交数量10成交价格10成交总额100
ERR: 买家财产错误，冻结财产是
2019-01-21 14:45:58 错误6交易市场btc_usdt出错：买入订单:4304卖出订单：209384交易方式：2成交数量10成交价格10成交总额100
ERR: 买家财产错误，冻结财产是
2019-01-21 14:49:20 错误6交易市场btc_usdt出错：买入订单:4304卖出订单：209384交易方式：2成交数量10成交价格10成交总额100
ERR: 买家财产错误，冻结财产是
2019-01-21 14:49:47 错误6交易市场btc_usdt出错：买入订单:4304卖出订单：209384交易方式：2成交数量10成交价格10成交总额100
ERR: 买家财产错误，冻结财产是
2019-01-21 14:53:26 错误6交易市场btc_usdt出错：买入订单:4304卖出订单：209384交易方式：2成交数量10成交价格10成交总额100
ERR: 买家财产错误，冻结财产是
2019-01-21 14:54:52 错误6交易市场btc_usdt出错：买入订单:4304卖出订单：209384交易方式：2成交数量10成交价格10成交总额100
ERR: 买家财产错误，冻结财产是
2019-01-21 14:56:40 错误6交易市场btc_usdt出错：买入订单:4304卖出订单：209384交易方式：2成交数量10成交价格10成交总额100
ERR: 买家财产错误，冻结财产是
2019-01-21 14:57:16 错误6交易市场btc_usdt出错：买入订单:4304卖出订单：209384交易方式：2成交数量10成交价格10成交总额100
ERR: 买家财产错误，冻结财产是
2019-01-21 14:58:06 错误6交易市场btc_usdt出错：买入订单:4304卖出订单：209384交易方式：2成交数量10成交价格10成交总额100
ERR: 买家财产错误，冻结财产是
2019-01-21 14:58:24 错误6交易市场btc_usdt出错：买入订单:4304卖出订单：209384交易方式：2成交数量10成交价格10成交总额100
ERR: 买家财产错误，冻结财产是
2019-01-21 14:59:25 错误6交易市场btc_usdt出错：买入订单:4304卖出订单：209384交易方式：2成交数量10成交价格10成交总额100
ERR: 买家财产错误，冻结财产是
2019-01-21 14:59:51 错误6交易市场btc_usdt出错：买入订单:4304卖出订单：209384交易方式：2成交数量10成交价格10成交总额100
ERR: 买家财产错误，冻结财产是
2019-01-21 15:00:10 错误6交易市场btc_usdt出错：买入订单:4304卖出订单：209384交易方式：2成交数量10成交价格10成交总额100
ERR: 买家财产错误，冻结财产是
2019-01-21 15:00:51 错误6交易市场btc_usdt出错：买入订单:4304卖出订单：209384交易方式：2成交数量10成交价格10成交总额100
ERR: 买家财产错误，冻结财产是
2019-01-21 15:02:09 错误6交易市场btc_usdt出错：买入订单:4304卖出订单：209384交易方式：2成交数量10成交价格10成交总额100
ERR: 买家财产错误，冻结财产是
2019-01-21 15:56:46 错误6交易市场btc_usdt出错：买入订单:4304卖出订单：209384交易方式：2成交数量10成交价格10成交总额100
ERR: 买家财产错误，冻结财产是
2019-01-21 15:56:54 错误6交易市场btc_usdt出错：买入订单:4304卖出订单：209384交易方式：2成交数量10成交价格10成交总额100
ERR: 买家财产错误，冻结财产是
2019-01-22 17:56:48 错误6交易市场btc_usdt出错：买入订单:4304卖出订单：209384交易方式：2成交数量10成交价格10成交总额100
ERR: 买家财产错误，冻结财产是
2019-01-22 17:57:11 错误6交易市场btc_usdt出错：买入订单:4304卖出订单：209384交易方式：2成交数量10成交价格10成交总额100
ERR: 买家财产错误，冻结财产是
2019-01-23 14:23:45 错误6交易市场btc_usdt出错：买入订单:4304卖出订单：209384交易方式：2成交数量10成交价格10成交总额100
ERR: 买家财产错误，冻结财产是
2019-01-23 14:25:00 错误6交易市场btc_usdt出错：买入订单:4304卖出订单：209384交易方式：2成交数量10成交价格10成交总额100
ERR: 买家财产错误，冻结财产是
2019-01-23 14:26:20 错误6交易市场btc_usdt出错：买入订单:4304卖出订单：209384交易方式：2成交数量10成交价格10成交总额100
ERR: 买家财产错误，冻结财产是
2019-01-23 14:29:23 错误6交易市场btc_usdt出错：买入订单:4304卖出订单：209384交易方式：2成交数量10成交价格10成交总额100
ERR: 买家财产错误，冻结财产是
2019-01-23 14:38:34 错误6交易市场btc_usdt出错：买入订单:4304卖出订单：209384交易方式：2成交数量10成交价格10成交总额100
ERR: 买家财产错误，冻结财产是
2019-01-23 14:39:15 错误6交易市场btc_usdt出错：买入订单:4304卖出订单：209384交易方式：2成交数量10成交价格10成交总额100
ERR: 买家财产错误，冻结财产是
2019-01-23 14:40:35 错误6交易市场btc_usdt出错：买入订单:4304卖出订单：209384交易方式：2成交数量10成交价格10成交总额100
ERR: 买家财产错误，冻结财产是
2019-01-23 17:44:37 错误6交易市场btc_usdt出错：买入订单:4304卖出订单：209384交易方式：2成交数量10成交价格10成交总额100
ERR: 买家财产错误，冻结财产是
